<?xml version="1.0" encoding="UTF-8"?>
<!-- Generated by org.testng.reporters.JUnitXMLReporter -->
<testsuite hostname="DESKTOP-2A9OS0E" name="Default test" tests="5" failures="0" timestamp="19 Jan 2021 19:05:11 GMT" time="8.655" errors="0">
  <testcase name="invalidKeyPostStation_401" time="4.092" classname="com.qa.test.RestAssuredTest"/>
  <testcase name="validatePostStation_201" time="1.015" classname="com.qa.test.RestAssuredTest"/>
  <testcase name="validateGetStation" time="0.693" classname="com.qa.test.RestAssuredTest"/>
  <testcase name="validateDeleteStation_204" time="0.932" classname="com.qa.test.RestAssuredTest"/>
  <testcase name="validateDeleteStation_404" time="1.071" classname="com.qa.test.RestAssuredTest"/>
</testsuite> <!-- Default test -->
