<?xml version="1.0" encoding="UTF-8"?>
<!-- Generated by org.testng.reporters.JUnitXMLReporter -->
<testsuite hostname="DESKTOP-2A9OS0E" name="Conga" tests="6" failures="0" timestamp="19 Jan 2021 19:43:15 GMT" time="35.988" errors="0">
  <testcase name="invalidKeyPostStation_401" time="4.79" classname="com.qa.apitest.RestAssuredTest"/>
  <testcase name="validatePostStation_201" time="0.999" classname="com.qa.apitest.RestAssuredTest"/>
  <testcase name="validateGetStation" time="0.613" classname="com.qa.apitest.RestAssuredTest"/>
  <testcase name="validateDeleteStation_204" time="0.792" classname="com.qa.apitest.RestAssuredTest"/>
  <testcase name="validateDeleteStation_404" time="0.999" classname="com.qa.apitest.RestAssuredTest"/>
  <testcase name="testSoppingCart" time="13.421" classname="com.qa.test.ShoppingPageTest"/>
</testsuite> <!-- Conga -->
