<?xml version="1.0" encoding="UTF-8"?>
<testng-results skipped="0" failed="0" total="6" passed="6">
  <reporter-output>
  </reporter-output>
  <suite name="Conga Assignment" duration-ms="35988" started-at="2021-01-19T19:42:39Z" finished-at="2021-01-19T19:43:15Z">
    <groups>
    </groups>
    <test name="Conga" duration-ms="35988" started-at="2021-01-19T19:42:39Z" finished-at="2021-01-19T19:43:15Z">
      <class name="com.qa.test.ShoppingPageTest">
        <test-method status="PASS" signature="setup()[pri:0, instance:com.qa.test.ShoppingPageTest@17c68925]" name="setup" is-config="true" duration-ms="12566" started-at="2021-01-20T01:12:48Z" finished-at="2021-01-20T01:13:01Z">
          <reporter-output>
          </reporter-output>
        </test-method> <!-- setup -->
        <test-method status="PASS" signature="testSoppingCart()[pri:0, instance:com.qa.test.ShoppingPageTest@17c68925]" name="testSoppingCart" duration-ms="13421" started-at="2021-01-20T01:13:01Z" finished-at="2021-01-20T01:13:14Z">
          <reporter-output>
          </reporter-output>
        </test-method> <!-- testSoppingCart -->
        <test-method status="PASS" signature="tearDown()[pri:0, instance:com.qa.test.ShoppingPageTest@17c68925]" name="tearDown" is-config="true" duration-ms="821" started-at="2021-01-20T01:13:14Z" finished-at="2021-01-20T01:13:15Z">
          <reporter-output>
          </reporter-output>
        </test-method> <!-- tearDown -->
      </class> <!-- com.qa.test.ShoppingPageTest -->
      <class name="com.qa.apitest.RestAssuredTest">
        <test-method status="PASS" signature="setup()[pri:0, instance:com.qa.apitest.RestAssuredTest@19dfb72a]" name="setup" is-config="true" duration-ms="957" started-at="2021-01-20T01:12:39Z" finished-at="2021-01-20T01:12:40Z">
          <reporter-output>
          </reporter-output>
        </test-method> <!-- setup -->
        <test-method status="PASS" signature="invalidKeyPostStation_401()[pri:1, instance:com.qa.apitest.RestAssuredTest@19dfb72a]" name="invalidKeyPostStation_401" duration-ms="4790" started-at="2021-01-20T01:12:40Z" finished-at="2021-01-20T01:12:45Z">
          <reporter-output>
          </reporter-output>
        </test-method> <!-- invalidKeyPostStation_401 -->
        <test-method status="PASS" signature="validatePostStation_201()[pri:2, instance:com.qa.apitest.RestAssuredTest@19dfb72a]" name="validatePostStation_201" duration-ms="999" started-at="2021-01-20T01:12:45Z" finished-at="2021-01-20T01:12:46Z">
          <reporter-output>
          </reporter-output>
        </test-method> <!-- validatePostStation_201 -->
        <test-method status="PASS" signature="validateGetStation()[pri:3, instance:com.qa.apitest.RestAssuredTest@19dfb72a]" name="validateGetStation" duration-ms="613" started-at="2021-01-20T01:12:46Z" finished-at="2021-01-20T01:12:47Z">
          <reporter-output>
          </reporter-output>
        </test-method> <!-- validateGetStation -->
        <test-method status="PASS" signature="validateDeleteStation_204()[pri:4, instance:com.qa.apitest.RestAssuredTest@19dfb72a]" name="validateDeleteStation_204" duration-ms="792" started-at="2021-01-20T01:12:47Z" finished-at="2021-01-20T01:12:47Z">
          <reporter-output>
          </reporter-output>
        </test-method> <!-- validateDeleteStation_204 -->
        <test-method status="PASS" signature="validateDeleteStation_404()[pri:5, instance:com.qa.apitest.RestAssuredTest@19dfb72a]" name="validateDeleteStation_404" duration-ms="999" started-at="2021-01-20T01:12:47Z" finished-at="2021-01-20T01:12:48Z">
          <reporter-output>
          </reporter-output>
        </test-method> <!-- validateDeleteStation_404 -->
      </class> <!-- com.qa.apitest.RestAssuredTest -->
    </test> <!-- Conga -->
  </suite> <!-- Conga Assignment -->
</testng-results>
